<?xml version="1.0" encoding="UTF-8"?>
<!-- Generated by org.testng.reporters.JUnitReportReporter -->
<testsuite hostname="DESKTOP-3KF64LG" failures="0" tests="1" name="Test.Itemtest" time="13.142" errors="0" timestamp="2024-09-07T15:37:46 IST" skipped="0">
  <testcase classname="Test.Itemtest" name="test" time="13.142"/>
  <system-out/>
</testsuite> <!-- Test.Itemtest -->
