<?xml version="1.0" encoding="UTF-8"?>
<!-- Generated by org.testng.reporters.JUnitReportReporter -->
<testsuite hostname="DESKTOP-3KF64LG" failures="0" tests="1" name="Test.Searchtest" time="142.437" errors="0" timestamp="2024-09-07T15:49:26 IST" skipped="0">
  <testcase classname="Test.Searchtest" name="test" time="142.437"/>
  <system-out/>
</testsuite> <!-- Test.Searchtest -->
