<?xml version="1.0" encoding="UTF-8"?>
<!-- Generated by org.testng.reporters.JUnitReportReporter -->
<testsuite hostname="DESKTOP-3KF64LG" failures="0" tests="1" name="Test.Registertest" time="31.334" errors="0" timestamp="2024-09-07T15:35:42 IST" skipped="0">
  <testcase classname="Test.Registertest" name="test" time="31.334"/>
  <system-out/>
</testsuite> <!-- Test.Registertest -->
