<?xml version="1.0" encoding="UTF-8"?>
<!-- Generated by org.testng.reporters.JUnitReportReporter -->
<testsuite hostname="DESKTOP-3KF64LG" failures="0" tests="1" name="Test.Logintest" time="34.969" errors="0" timestamp="2024-09-07T15:36:54 IST" skipped="0">
  <testcase classname="Test.Logintest" name="test" time="34.969"/>
  <system-out/>
</testsuite> <!-- Test.Logintest -->
